<?xml version="1.0" encoding="UTF-8"?>
<!-- Generated by org.testng.reporters.JUnitReportReporter -->
<testsuite hostname="SK-LV183" failures="0" tests="4" name="tests.ErrorLoginTest" time="9.953" errors="0" timestamp="18 жовт. 2021 07:55:03 GMT" skipped="0">
  <testcase classname="tests.ErrorLoginTest" name="incorrectLoginFlow" time="2.559"/>
  <testcase classname="tests.ErrorLoginTest" name="incorrectPasswordFlow" time="0.619"/>
  <testcase classname="tests.ErrorLoginTest" name="sendNothing" time="0.958"/>
  <testcase classname="tests.ErrorLoginTest" name="correctLogin" time="5.817"/>
</testsuite> <!-- tests.ErrorLoginTest -->
