<?xml version="1.0" encoding="UTF-8"?>
<!-- Generated by org.testng.reporters.JUnitReportReporter -->
<testsuite hostname="SK-LV183" failures="0" tests="4" name="tests.ErrorLoginTest" time="8.838" errors="0" timestamp="13 жовт. 2021 06:52:45 GMT" skipped="0">
  <testcase classname="tests.ErrorLoginTest" name="incorrectLoginFlow" time="1.972"/>
  <testcase classname="tests.ErrorLoginTest" name="incorrectPasswordFlow" time="0.431"/>
  <testcase classname="tests.ErrorLoginTest" name="sendNothing" time="0.773"/>
  <testcase classname="tests.ErrorLoginTest" name="correctLogin" time="5.662"/>
</testsuite> <!-- tests.ErrorLoginTest -->
