<?xml version="1.0" encoding="UTF-8"?>
<!-- Generated by org.testng.reporters.JUnitReportReporter -->
<testsuite hostname="SK-LV183" failures="0" tests="1" name="tests.Search" time="3.373" errors="0" timestamp="12 жовт. 2021 09:09:44 GMT" skipped="0">
  <testcase classname="tests.Search" name="searchCat" time="3.373"/>
</testsuite> <!-- tests.Search -->
