<?xml version="1.0" encoding="UTF-8"?>
<!-- Generated by org.testng.reporters.JUnitReportReporter -->
<testsuite hostname="SK-LV183" failures="0" tests="4" name="tests.ErrorLoginTest" time="7.438" errors="0" timestamp="13 жовт. 2021 08:47:14 GMT" skipped="0">
  <testcase classname="tests.ErrorLoginTest" name="incorrectLoginFlow" time="2.363"/>
  <testcase classname="tests.ErrorLoginTest" name="incorrectPasswordFlow" time="0.442"/>
  <testcase classname="tests.ErrorLoginTest" name="sendNothing" time="0.179"/>
  <testcase classname="tests.ErrorLoginTest" name="correctLogin" time="4.454"/>
</testsuite> <!-- tests.ErrorLoginTest -->
