<?xml version="1.0" encoding="UTF-8"?>
<!-- Generated by org.testng.reporters.JUnitReportReporter -->
<testsuite hostname="SK-LV183" failures="0" tests="4" name="tests.ErrorLoginTest" time="33.609" errors="0" timestamp="18 жовт. 2021 11:55:47 GMT" skipped="0">
  <testcase classname="tests.ErrorLoginTest" name="incorrectLoginFlow" time="3.970"/>
  <testcase classname="tests.ErrorLoginTest" name="incorrectPasswordFlow" time="0.929"/>
  <testcase classname="tests.ErrorLoginTest" name="sendNothing" time="1.296"/>
  <testcase classname="tests.ErrorLoginTest" name="correctLogin" time="27.414"/>
</testsuite> <!-- tests.ErrorLoginTest -->
