<?xml version="1.0" encoding="UTF-8"?>
<!-- Generated by org.testng.reporters.JUnitReportReporter -->
<testsuite hostname="SK-LV183" failures="0" tests="4" name="tests.ErrorLoginTest" time="8.195" errors="0" timestamp="18 жовт. 2021 05:58:07 GMT" skipped="0">
  <testcase classname="tests.ErrorLoginTest" name="incorrectLoginFlow" time="1.846"/>
  <testcase classname="tests.ErrorLoginTest" name="incorrectPasswordFlow" time="0.430"/>
  <testcase classname="tests.ErrorLoginTest" name="sendNothing" time="0.930"/>
  <testcase classname="tests.ErrorLoginTest" name="correctLogin" time="4.989"/>
</testsuite> <!-- tests.ErrorLoginTest -->
