<?xml version="1.0" encoding="UTF-8"?>
<!-- Generated by org.testng.reporters.JUnitReportReporter -->
<testsuite hostname="SK-LV183" failures="0" tests="4" name="tests.ErrorLoginTest" time="9.012" errors="0" timestamp="13 жовт. 2021 09:35:35 GMT" skipped="0">
  <testcase classname="tests.ErrorLoginTest" name="incorrectLoginFlow" time="1.968"/>
  <testcase classname="tests.ErrorLoginTest" name="incorrectPasswordFlow" time="0.421"/>
  <testcase classname="tests.ErrorLoginTest" name="sendNothing" time="0.609"/>
  <testcase classname="tests.ErrorLoginTest" name="correctLogin" time="6.014"/>
</testsuite> <!-- tests.ErrorLoginTest -->
