<?xml version="1.0" encoding="UTF-8"?>
<!-- Generated by org.testng.reporters.JUnitReportReporter -->
<testsuite hostname="SK-LV183" failures="0" tests="4" name="tests.ErrorLoginTest" time="8.981" errors="0" timestamp="18 жовт. 2021 07:08:42 GMT" skipped="0">
  <testcase classname="tests.ErrorLoginTest" name="incorrectLoginFlow" time="2.244"/>
  <testcase classname="tests.ErrorLoginTest" name="incorrectPasswordFlow" time="0.598"/>
  <testcase classname="tests.ErrorLoginTest" name="sendNothing" time="0.897"/>
  <testcase classname="tests.ErrorLoginTest" name="correctLogin" time="5.242"/>
</testsuite> <!-- tests.ErrorLoginTest -->
